251239
251293
251329
251392
251923
251932
252139
252193
252319
252391
252913
252931
253129
253192
253219
253291
253912
253921
259123
259132
259213
259231
259312
259321
291235
291253
291325
291352
291523
291532
292135
292153
292315
292351
292513
292531
293125
293152
293215
293251
293512
293521
295123
295132
295213
295231
295312
295321
312259
312295
312529
312592
312925
312952
315229
315292
315922
319225
319252
319522
321259
321295
321529
321592
321925
321952
322159
322195
322519
322591
322915
322951
325129
325192
325219
325291
325912
325921
329125
329152
329215
329251
329512
329521
351229
351292
351922
352129
352192
352219
352291
352912
352921
359122
359212
359221
391225
391252
391522
392125
392152
392215
392251
392512
392521
395122
395212
395221
512239
512293
512329
512392
512923
512932
513229
513292
513922
519223
519232
519322
521239
521293
521329
521392
521923
521932
522139
522193
522319
522391
522913
522931
523129
523192
523219
523291
523912
523921
529123
529132
529213
529231
529312
529321
531229
531292
531922
532129
532192
532219
532291
532912
532921
539122
539212
539221
591223
591232
591322
592123
592132
592213
592231
592312
592321
593122
593212
593221
912235
912253
912325
912352
912523
912532
913225
913252
913522
915223
915232
915322
921235
921253
921325
921352
921523
921532
922135
922153
922315
922351
922513
922531
923125
923152
923215
923251
923512
923521
925123
925132
925213
925231
925312
925321
931225
931252
931522
932125
932152
932215
932251
932512
932521
935122
935212
935221
951223
951232
951322
952123
952132
952213
952231
952312
952321
953122
953212
953221
